{"contracts/ERC20Mock.sol":{"l":{"8":58},"path":"/mnt/c/CursoETH/Modulo4/TP4/SimpleSwap/SimpleSwap_v2/contracts/ERC20Mock.sol","s":{"1":58},"b":{},"f":{"1":58},"fnMap":{"1":{"name":"constructor","line":7,"loc":{"start":{"line":7,"column":4},"end":{"line":9,"column":4}}}},"statementMap":{"1":{"start":{"line":8,"column":8},"end":{"line":8,"column":39}}},"branchMap":{}},"contracts/SimpleSwap.sol":{"l":{"44":49,"45":48,"56":31,"57":29,"67":29,"68":28,"134":26,"135":26,"150":49,"151":49,"153":49,"167":63,"168":63,"181":15,"182":15,"195":24,"196":20,"197":20,"198":20,"199":1362,"200":1362,"203":3,"220":2,"221":2,"222":2,"223":2,"225":2,"240":26,"241":24,"243":2,"245":26,"259":26,"260":25,"261":25,"279":29,"280":29,"282":29,"283":20,"285":9,"286":8,"287":5,"288":4,"290":3,"291":3,"292":3,"293":2,"297":26,"319":29,"320":29,"321":29,"323":26,"324":26,"326":26,"328":26,"329":26,"331":25,"333":25,"350":3,"351":3,"352":3,"354":3,"372":3,"373":3,"374":3,"375":2,"376":2,"377":2,"378":2,"379":2,"381":2,"383":2,"395":13,"396":13,"397":13,"398":13,"400":12,"415":15,"416":13,"417":12,"418":11,"419":11,"420":11,"421":11,"423":11,"425":11,"435":15,"449":3,"451":2,"463":2,"464":2,"465":1,"466":1},"path":"/mnt/c/CursoETH/Modulo4/TP4/SimpleSwap/SimpleSwap_v2/contracts/SimpleSwap.sol","s":{"1":49,"2":31,"3":29,"4":49,"5":63,"6":63,"7":15,"8":15,"9":24,"10":20,"11":20,"12":4,"13":2,"14":2,"15":26,"16":26,"17":26,"18":25,"19":29,"20":29,"21":29,"22":8,"23":5,"24":3,"25":3,"26":26,"27":29,"28":29,"29":26,"30":26,"31":26,"32":26,"33":25,"34":25,"35":3,"36":3,"37":3,"38":3,"39":2,"40":2,"41":2,"42":2,"43":2,"44":13,"45":12,"46":15,"47":12,"48":11,"49":11,"50":11,"51":11,"52":2,"53":2,"54":2,"55":1},"b":{"1":[48,1],"2":[29,2],"3":[28,1],"4":[63,0],"5":[15,0],"6":[20,4],"7":[3,1],"8":[0,2],"9":[0,2],"10":[0,2],"11":[24,2],"12":[26,2],"13":[25,1],"14":[20,9],"15":[5,3],"16":[4,1],"17":[3,0],"18":[2,1],"19":[29,0],"20":[29,0],"21":[29,0],"22":[3,0],"23":[3,0],"24":[3,0],"25":[2,1],"26":[13,0],"27":[16,1],"28":[15,1],"29":[15,0],"30":[13,2],"31":[11,1],"32":[15,0],"33":[1,1]},"f":{"1":49,"2":31,"3":29,"4":30,"5":26,"6":49,"7":63,"8":15,"9":24,"10":2,"11":26,"12":26,"13":29,"14":29,"15":3,"16":3,"17":13,"18":15,"19":15,"20":3,"21":2},"fnMap":{"1":{"name":"checkDeadline","line":42,"loc":{"start":{"line":42,"column":4},"end":{"line":46,"column":4}}},"2":{"name":"checkLiquidity","line":55,"loc":{"start":{"line":55,"column":4},"end":{"line":58,"column":4}}},"3":{"name":"checkTokensSelected","line":66,"loc":{"start":{"line":66,"column":4},"end":{"line":69,"column":4}}},"4":{"name":"constructor","line":116,"loc":{"start":{"line":114,"column":4},"end":{"line":119,"column":4}}},"5":{"name":"_updateReservesAfterAdd","line":131,"loc":{"start":{"line":131,"column":4},"end":{"line":136,"column":4}}},"6":{"name":"_getReserves","line":147,"loc":{"start":{"line":147,"column":4},"end":{"line":154,"column":4}}},"7":{"name":"_safeTransferFrom","line":164,"loc":{"start":{"line":164,"column":4},"end":{"line":169,"column":4}}},"8":{"name":"_safeTransfer","line":178,"loc":{"start":{"line":178,"column":4},"end":{"line":183,"column":4}}},"9":{"name":"sqrt","line":192,"loc":{"start":{"line":192,"column":4},"end":{"line":205,"column":4}}},"10":{"name":"_calculateMin","line":217,"loc":{"start":{"line":217,"column":4},"end":{"line":226,"column":4}}},"11":{"name":"_calculateLiquidity","line":237,"loc":{"start":{"line":237,"column":4},"end":{"line":246,"column":4}}},"12":{"name":"_getOptimalAmountOut","line":257,"loc":{"start":{"line":256,"column":4},"end":{"line":262,"column":4}}},"13":{"name":"_addLiquidity","line":276,"loc":{"start":{"line":276,"column":4},"end":{"line":298,"column":4}}},"14":{"name":"addLiquidity","line":317,"loc":{"start":{"line":315,"column":4},"end":{"line":335,"column":4}}},"15":{"name":"_removeLiquidity","line":348,"loc":{"start":{"line":347,"column":4},"end":{"line":355,"column":4}}},"16":{"name":"removeLiquidity","line":370,"loc":{"start":{"line":369,"column":4},"end":{"line":384,"column":4}}},"17":{"name":"_getAmountsOut","line":394,"loc":{"start":{"line":393,"column":4},"end":{"line":401,"column":4}}},"18":{"name":"swapExactTokensForTokens","line":413,"loc":{"start":{"line":412,"column":4},"end":{"line":426,"column":4}}},"19":{"name":"syncReserve","line":434,"loc":{"start":{"line":434,"column":4},"end":{"line":436,"column":4}}},"20":{"name":"getAmountOut","line":446,"loc":{"start":{"line":446,"column":4},"end":{"line":452,"column":4}}},"21":{"name":"getPrice","line":461,"loc":{"start":{"line":461,"column":4},"end":{"line":467,"column":4}}}},"statementMap":{"1":{"start":{"line":44,"column":8},"end":{"line":44,"column":70}},"2":{"start":{"line":56,"column":8},"end":{"line":56,"column":77}},"3":{"start":{"line":67,"column":8},"end":{"line":67,"column":61}},"4":{"start":{"line":153,"column":8},"end":{"line":153,"column":37}},"5":{"start":{"line":167,"column":8},"end":{"line":167,"column":70}},"6":{"start":{"line":168,"column":8},"end":{"line":168,"column":49}},"7":{"start":{"line":181,"column":8},"end":{"line":181,"column":59}},"8":{"start":{"line":182,"column":8},"end":{"line":182,"column":49}},"9":{"start":{"line":195,"column":8},"end":{"line":195,"column":9870}},"10":{"start":{"line":197,"column":12},"end":{"line":197,"column":30}},"11":{"start":{"line":198,"column":12},"end":{"line":198,"column":9950}},"12":{"start":{"line":202,"column":15},"end":{"line":202,"column":10051}},"13":{"start":{"line":220,"column":8},"end":{"line":220,"column":79}},"14":{"start":{"line":225,"column":8},"end":{"line":225,"column":18}},"15":{"start":{"line":240,"column":8},"end":{"line":240,"column":11897}},"16":{"start":{"line":245,"column":8},"end":{"line":245,"column":25}},"17":{"start":{"line":259,"column":8},"end":{"line":259,"column":57}},"18":{"start":{"line":261,"column":8},"end":{"line":261,"column":24}},"19":{"start":{"line":279,"column":8},"end":{"line":279,"column":30}},"20":{"start":{"line":280,"column":8},"end":{"line":280,"column":30}},"21":{"start":{"line":282,"column":8},"end":{"line":282,"column":13919}},"22":{"start":{"line":286,"column":12},"end":{"line":286,"column":14148}},"23":{"start":{"line":287,"column":16},"end":{"line":287,"column":73}},"24":{"start":{"line":291,"column":16},"end":{"line":291,"column":14470}},"25":{"start":{"line":292,"column":20},"end":{"line":292,"column":77}},"26":{"start":{"line":297,"column":8},"end":{"line":297,"column":33}},"27":{"start":{"line":319,"column":8},"end":{"line":319,"column":54}},"28":{"start":{"line":320,"column":8},"end":{"line":320,"column":77}},"29":{"start":{"line":323,"column":8},"end":{"line":323,"column":68}},"30":{"start":{"line":324,"column":8},"end":{"line":324,"column":68}},"31":{"start":{"line":326,"column":8},"end":{"line":326,"column":64}},"32":{"start":{"line":329,"column":8},"end":{"line":329,"column":27}},"33":{"start":{"line":331,"column":8},"end":{"line":331,"column":84}},"34":{"start":{"line":333,"column":8},"end":{"line":333,"column":44}},"35":{"start":{"line":350,"column":8},"end":{"line":350,"column":44}},"36":{"start":{"line":354,"column":8},"end":{"line":354,"column":43}},"37":{"start":{"line":372,"column":8},"end":{"line":372,"column":77}},"38":{"start":{"line":374,"column":8},"end":{"line":374,"column":76}},"39":{"start":{"line":377,"column":8},"end":{"line":377,"column":22}},"40":{"start":{"line":378,"column":8},"end":{"line":378,"column":40}},"41":{"start":{"line":379,"column":8},"end":{"line":379,"column":40}},"42":{"start":{"line":381,"column":8},"end":{"line":381,"column":86}},"43":{"start":{"line":383,"column":8},"end":{"line":383,"column":33}},"44":{"start":{"line":397,"column":8},"end":{"line":397,"column":79}},"45":{"start":{"line":400,"column":8},"end":{"line":400,"column":22}},"46":{"start":{"line":415,"column":8},"end":{"line":415,"column":57}},"47":{"start":{"line":417,"column":8},"end":{"line":417,"column":72}},"48":{"start":{"line":418,"column":8},"end":{"line":418,"column":70}},"49":{"start":{"line":419,"column":8},"end":{"line":419,"column":45}},"50":{"start":{"line":423,"column":8},"end":{"line":423,"column":79}},"51":{"start":{"line":425,"column":8},"end":{"line":425,"column":22}},"52":{"start":{"line":451,"column":8},"end":{"line":451,"column":24}},"53":{"start":{"line":463,"column":8},"end":{"line":463,"column":77}},"54":{"start":{"line":464,"column":8},"end":{"line":464,"column":62}},"55":{"start":{"line":466,"column":8},"end":{"line":466,"column":20}}},"branchMap":{"1":{"line":44,"type":"if","locations":[{"start":{"line":44,"column":8},"end":{"line":44,"column":8}},{"start":{"line":44,"column":8},"end":{"line":44,"column":8}}]},"2":{"line":56,"type":"if","locations":[{"start":{"line":56,"column":8},"end":{"line":56,"column":8}},{"start":{"line":56,"column":8},"end":{"line":56,"column":8}}]},"3":{"line":67,"type":"if","locations":[{"start":{"line":67,"column":8},"end":{"line":67,"column":8}},{"start":{"line":67,"column":8},"end":{"line":67,"column":8}}]},"4":{"line":168,"type":"if","locations":[{"start":{"line":168,"column":8},"end":{"line":168,"column":8}},{"start":{"line":168,"column":8},"end":{"line":168,"column":8}}]},"5":{"line":182,"type":"if","locations":[{"start":{"line":182,"column":8},"end":{"line":182,"column":8}},{"start":{"line":182,"column":8},"end":{"line":182,"column":8}}]},"6":{"line":195,"type":"if","locations":[{"start":{"line":195,"column":8},"end":{"line":195,"column":8}},{"start":{"line":195,"column":8},"end":{"line":195,"column":8}}]},"7":{"line":202,"type":"if","locations":[{"start":{"line":202,"column":15},"end":{"line":202,"column":15}},{"start":{"line":202,"column":15},"end":{"line":202,"column":15}}]},"8":{"line":221,"type":"if","locations":[{"start":{"line":221,"column":37},"end":{"line":221,"column":37}},{"start":{"line":221,"column":41},"end":{"line":221,"column":49}}]},"9":{"line":222,"type":"if","locations":[{"start":{"line":222,"column":37},"end":{"line":222,"column":37}},{"start":{"line":222,"column":41},"end":{"line":222,"column":49}}]},"10":{"line":223,"type":"if","locations":[{"start":{"line":223,"column":58},"end":{"line":223,"column":75}},{"start":{"line":223,"column":79},"end":{"line":223,"column":96}}]},"11":{"line":240,"type":"if","locations":[{"start":{"line":240,"column":8},"end":{"line":240,"column":8}},{"start":{"line":240,"column":8},"end":{"line":240,"column":8}}]},"12":{"line":257,"type":"if","locations":[{"start":{"line":257,"column":26},"end":{"line":257,"column":26}},{"start":{"line":257,"column":26},"end":{"line":257,"column":26}}]},"13":{"line":259,"type":"if","locations":[{"start":{"line":259,"column":8},"end":{"line":259,"column":8}},{"start":{"line":259,"column":8},"end":{"line":259,"column":8}}]},"14":{"line":282,"type":"if","locations":[{"start":{"line":282,"column":8},"end":{"line":282,"column":8}},{"start":{"line":282,"column":8},"end":{"line":282,"column":8}}]},"15":{"line":286,"type":"if","locations":[{"start":{"line":286,"column":12},"end":{"line":286,"column":12}},{"start":{"line":286,"column":12},"end":{"line":286,"column":12}}]},"16":{"line":287,"type":"if","locations":[{"start":{"line":287,"column":16},"end":{"line":287,"column":16}},{"start":{"line":287,"column":16},"end":{"line":287,"column":16}}]},"17":{"line":291,"type":"if","locations":[{"start":{"line":291,"column":16},"end":{"line":291,"column":16}},{"start":{"line":291,"column":16},"end":{"line":291,"column":16}}]},"18":{"line":292,"type":"if","locations":[{"start":{"line":292,"column":20},"end":{"line":292,"column":20}},{"start":{"line":292,"column":20},"end":{"line":292,"column":20}}]},"19":{"line":317,"type":"if","locations":[{"start":{"line":317,"column":21},"end":{"line":317,"column":21}},{"start":{"line":317,"column":21},"end":{"line":317,"column":21}}]},"20":{"line":317,"type":"if","locations":[{"start":{"line":317,"column":45},"end":{"line":317,"column":45}},{"start":{"line":317,"column":45},"end":{"line":317,"column":45}}]},"21":{"line":319,"type":"if","locations":[{"start":{"line":319,"column":8},"end":{"line":319,"column":8}},{"start":{"line":319,"column":8},"end":{"line":319,"column":8}}]},"22":{"line":348,"type":"if","locations":[{"start":{"line":348,"column":26},"end":{"line":348,"column":26}},{"start":{"line":348,"column":26},"end":{"line":348,"column":26}}]},"23":{"line":370,"type":"if","locations":[{"start":{"line":370,"column":21},"end":{"line":370,"column":21}},{"start":{"line":370,"column":21},"end":{"line":370,"column":21}}]},"24":{"line":370,"type":"if","locations":[{"start":{"line":370,"column":45},"end":{"line":370,"column":45}},{"start":{"line":370,"column":45},"end":{"line":370,"column":45}}]},"25":{"line":374,"type":"if","locations":[{"start":{"line":374,"column":8},"end":{"line":374,"column":8}},{"start":{"line":374,"column":8},"end":{"line":374,"column":8}}]},"26":{"line":394,"type":"if","locations":[{"start":{"line":394,"column":26},"end":{"line":394,"column":26}},{"start":{"line":394,"column":26},"end":{"line":394,"column":26}}]},"27":{"line":413,"type":"if","locations":[{"start":{"line":413,"column":21},"end":{"line":413,"column":21}},{"start":{"line":413,"column":21},"end":{"line":413,"column":21}}]},"28":{"line":413,"type":"if","locations":[{"start":{"line":413,"column":45},"end":{"line":413,"column":45}},{"start":{"line":413,"column":45},"end":{"line":413,"column":45}}]},"29":{"line":413,"type":"if","locations":[{"start":{"line":413,"column":71},"end":{"line":413,"column":71}},{"start":{"line":413,"column":71},"end":{"line":413,"column":71}}]},"30":{"line":415,"type":"if","locations":[{"start":{"line":415,"column":8},"end":{"line":415,"column":8}},{"start":{"line":415,"column":8},"end":{"line":415,"column":8}}]},"31":{"line":417,"type":"if","locations":[{"start":{"line":417,"column":8},"end":{"line":417,"column":8}},{"start":{"line":417,"column":8},"end":{"line":417,"column":8}}]},"32":{"line":434,"type":"if","locations":[{"start":{"line":434,"column":49},"end":{"line":434,"column":49}},{"start":{"line":434,"column":49},"end":{"line":434,"column":49}}]},"33":{"line":464,"type":"if","locations":[{"start":{"line":464,"column":8},"end":{"line":464,"column":8}},{"start":{"line":464,"column":8},"end":{"line":464,"column":8}}]}}}}