{"contracts/ERC20Mock.sol":{"l":{"8":58},"path":"/mnt/c/CursoETH/Modulo4/TP4/SimpleSwap/SimpleSwap_v2/contracts/ERC20Mock.sol","s":{"1":58},"b":{},"f":{"1":58},"fnMap":{"1":{"name":"constructor","line":7,"loc":{"start":{"line":7,"column":4},"end":{"line":9,"column":4}}}},"statementMap":{"1":{"start":{"line":8,"column":8},"end":{"line":8,"column":39}}},"branchMap":{}},"contracts/SimpleSwap.sol":{"l":{"44":49,"45":48,"56":31,"57":29,"67":29,"68":28,"134":26,"135":26,"150":49,"151":49,"153":49,"167":63,"168":63,"181":15,"182":15,"195":24,"196":20,"197":20,"198":20,"199":1362,"200":1362,"203":3,"240":26,"241":24,"243":2,"244":2,"245":2,"246":2,"248":26,"262":26,"263":25,"264":25,"282":29,"283":29,"285":29,"286":20,"288":9,"289":8,"290":5,"291":4,"293":3,"294":3,"295":3,"296":2,"298":0,"302":26,"324":29,"325":29,"326":29,"328":26,"329":26,"331":26,"333":26,"334":26,"336":25,"338":25,"355":3,"356":3,"357":3,"359":3,"377":3,"378":3,"379":3,"380":2,"381":2,"382":2,"383":2,"384":2,"386":2,"388":2,"400":13,"401":13,"402":13,"403":13,"405":12,"420":15,"421":13,"422":12,"423":11,"424":11,"425":11,"426":11,"428":11,"430":11,"440":15,"454":3,"456":2,"468":2,"469":2,"470":1,"471":1},"path":"/mnt/c/CursoETH/Modulo4/TP4/SimpleSwap/SimpleSwap_v2/contracts/SimpleSwap.sol","s":{"1":49,"2":31,"3":29,"4":49,"5":63,"6":63,"7":15,"8":15,"9":24,"10":20,"11":20,"12":4,"13":26,"14":2,"15":2,"16":2,"17":26,"18":26,"19":25,"20":29,"21":29,"22":29,"23":8,"24":5,"25":3,"26":3,"27":0,"28":26,"29":29,"30":29,"31":26,"32":26,"33":26,"34":26,"35":25,"36":25,"37":3,"38":3,"39":3,"40":3,"41":2,"42":2,"43":2,"44":2,"45":2,"46":13,"47":12,"48":15,"49":12,"50":11,"51":11,"52":11,"53":11,"54":2,"55":2,"56":2,"57":1},"b":{"1":[48,1],"2":[29,2],"3":[28,1],"4":[63,0],"5":[15,0],"6":[20,4],"7":[3,1],"8":[24,2],"9":[0,2],"10":[26,2],"11":[25,1],"12":[20,9],"13":[5,3],"14":[4,1],"15":[3,0],"16":[2,1],"17":[29,0],"18":[29,0],"19":[29,0],"20":[3,0],"21":[3,0],"22":[3,0],"23":[2,1],"24":[13,0],"25":[16,1],"26":[15,1],"27":[15,0],"28":[13,2],"29":[11,1],"30":[15,0],"31":[1,1]},"f":{"1":49,"2":31,"3":29,"4":30,"5":26,"6":49,"7":63,"8":15,"9":24,"10":26,"11":26,"12":29,"13":29,"14":3,"15":3,"16":13,"17":15,"18":15,"19":3,"20":2},"fnMap":{"1":{"name":"checkDeadline","line":42,"loc":{"start":{"line":42,"column":4},"end":{"line":46,"column":4}}},"2":{"name":"checkLiquidity","line":55,"loc":{"start":{"line":55,"column":4},"end":{"line":58,"column":4}}},"3":{"name":"checkTokensSelected","line":66,"loc":{"start":{"line":66,"column":4},"end":{"line":69,"column":4}}},"4":{"name":"constructor","line":116,"loc":{"start":{"line":114,"column":4},"end":{"line":119,"column":4}}},"5":{"name":"_updateReservesAfterAdd","line":131,"loc":{"start":{"line":131,"column":4},"end":{"line":136,"column":4}}},"6":{"name":"_getReserves","line":147,"loc":{"start":{"line":147,"column":4},"end":{"line":154,"column":4}}},"7":{"name":"_safeTransferFrom","line":164,"loc":{"start":{"line":164,"column":4},"end":{"line":169,"column":4}}},"8":{"name":"_safeTransfer","line":178,"loc":{"start":{"line":178,"column":4},"end":{"line":183,"column":4}}},"9":{"name":"sqrt","line":192,"loc":{"start":{"line":192,"column":4},"end":{"line":205,"column":4}}},"10":{"name":"_calculateLiquidity","line":237,"loc":{"start":{"line":237,"column":4},"end":{"line":249,"column":4}}},"11":{"name":"_getOptimalAmountOut","line":260,"loc":{"start":{"line":259,"column":4},"end":{"line":265,"column":4}}},"12":{"name":"_addLiquidity","line":279,"loc":{"start":{"line":279,"column":4},"end":{"line":303,"column":4}}},"13":{"name":"addLiquidity","line":322,"loc":{"start":{"line":320,"column":4},"end":{"line":340,"column":4}}},"14":{"name":"_removeLiquidity","line":353,"loc":{"start":{"line":352,"column":4},"end":{"line":360,"column":4}}},"15":{"name":"removeLiquidity","line":375,"loc":{"start":{"line":374,"column":4},"end":{"line":389,"column":4}}},"16":{"name":"_getAmountsOut","line":399,"loc":{"start":{"line":398,"column":4},"end":{"line":406,"column":4}}},"17":{"name":"swapExactTokensForTokens","line":418,"loc":{"start":{"line":417,"column":4},"end":{"line":431,"column":4}}},"18":{"name":"syncReserve","line":439,"loc":{"start":{"line":439,"column":4},"end":{"line":441,"column":4}}},"19":{"name":"getAmountOut","line":451,"loc":{"start":{"line":451,"column":4},"end":{"line":457,"column":4}}},"20":{"name":"getPrice","line":466,"loc":{"start":{"line":466,"column":4},"end":{"line":472,"column":4}}}},"statementMap":{"1":{"start":{"line":44,"column":8},"end":{"line":44,"column":70}},"2":{"start":{"line":56,"column":8},"end":{"line":56,"column":77}},"3":{"start":{"line":67,"column":8},"end":{"line":67,"column":61}},"4":{"start":{"line":153,"column":8},"end":{"line":153,"column":37}},"5":{"start":{"line":167,"column":8},"end":{"line":167,"column":70}},"6":{"start":{"line":168,"column":8},"end":{"line":168,"column":49}},"7":{"start":{"line":181,"column":8},"end":{"line":181,"column":59}},"8":{"start":{"line":182,"column":8},"end":{"line":182,"column":49}},"9":{"start":{"line":195,"column":8},"end":{"line":195,"column":9870}},"10":{"start":{"line":197,"column":12},"end":{"line":197,"column":30}},"11":{"start":{"line":198,"column":12},"end":{"line":198,"column":9950}},"12":{"start":{"line":202,"column":15},"end":{"line":202,"column":10051}},"13":{"start":{"line":240,"column":8},"end":{"line":240,"column":11924}},"14":{"start":{"line":243,"column":12},"end":{"line":243,"column":79}},"15":{"start":{"line":244,"column":12},"end":{"line":244,"column":67}},"16":{"start":{"line":245,"column":12},"end":{"line":245,"column":67}},"17":{"start":{"line":248,"column":8},"end":{"line":248,"column":25}},"18":{"start":{"line":262,"column":8},"end":{"line":262,"column":57}},"19":{"start":{"line":264,"column":8},"end":{"line":264,"column":24}},"20":{"start":{"line":282,"column":8},"end":{"line":282,"column":30}},"21":{"start":{"line":283,"column":8},"end":{"line":283,"column":30}},"22":{"start":{"line":285,"column":8},"end":{"line":285,"column":14153}},"23":{"start":{"line":289,"column":12},"end":{"line":289,"column":14382}},"24":{"start":{"line":290,"column":16},"end":{"line":290,"column":73}},"25":{"start":{"line":294,"column":16},"end":{"line":294,"column":14704}},"26":{"start":{"line":295,"column":20},"end":{"line":295,"column":77}},"27":{"start":{"line":298,"column":20},"end":{"line":298,"column":47}},"28":{"start":{"line":302,"column":8},"end":{"line":302,"column":33}},"29":{"start":{"line":324,"column":8},"end":{"line":324,"column":54}},"30":{"start":{"line":325,"column":8},"end":{"line":325,"column":77}},"31":{"start":{"line":328,"column":8},"end":{"line":328,"column":68}},"32":{"start":{"line":329,"column":8},"end":{"line":329,"column":68}},"33":{"start":{"line":331,"column":8},"end":{"line":331,"column":64}},"34":{"start":{"line":334,"column":8},"end":{"line":334,"column":27}},"35":{"start":{"line":336,"column":8},"end":{"line":336,"column":84}},"36":{"start":{"line":338,"column":8},"end":{"line":338,"column":44}},"37":{"start":{"line":355,"column":8},"end":{"line":355,"column":44}},"38":{"start":{"line":359,"column":8},"end":{"line":359,"column":43}},"39":{"start":{"line":377,"column":8},"end":{"line":377,"column":77}},"40":{"start":{"line":379,"column":8},"end":{"line":379,"column":76}},"41":{"start":{"line":382,"column":8},"end":{"line":382,"column":22}},"42":{"start":{"line":383,"column":8},"end":{"line":383,"column":40}},"43":{"start":{"line":384,"column":8},"end":{"line":384,"column":40}},"44":{"start":{"line":386,"column":8},"end":{"line":386,"column":86}},"45":{"start":{"line":388,"column":8},"end":{"line":388,"column":33}},"46":{"start":{"line":402,"column":8},"end":{"line":402,"column":79}},"47":{"start":{"line":405,"column":8},"end":{"line":405,"column":22}},"48":{"start":{"line":420,"column":8},"end":{"line":420,"column":57}},"49":{"start":{"line":422,"column":8},"end":{"line":422,"column":72}},"50":{"start":{"line":423,"column":8},"end":{"line":423,"column":70}},"51":{"start":{"line":424,"column":8},"end":{"line":424,"column":45}},"52":{"start":{"line":428,"column":8},"end":{"line":428,"column":79}},"53":{"start":{"line":430,"column":8},"end":{"line":430,"column":22}},"54":{"start":{"line":456,"column":8},"end":{"line":456,"column":24}},"55":{"start":{"line":468,"column":8},"end":{"line":468,"column":77}},"56":{"start":{"line":469,"column":8},"end":{"line":469,"column":62}},"57":{"start":{"line":471,"column":8},"end":{"line":471,"column":20}}},"branchMap":{"1":{"line":44,"type":"if","locations":[{"start":{"line":44,"column":8},"end":{"line":44,"column":8}},{"start":{"line":44,"column":8},"end":{"line":44,"column":8}}]},"2":{"line":56,"type":"if","locations":[{"start":{"line":56,"column":8},"end":{"line":56,"column":8}},{"start":{"line":56,"column":8},"end":{"line":56,"column":8}}]},"3":{"line":67,"type":"if","locations":[{"start":{"line":67,"column":8},"end":{"line":67,"column":8}},{"start":{"line":67,"column":8},"end":{"line":67,"column":8}}]},"4":{"line":168,"type":"if","locations":[{"start":{"line":168,"column":8},"end":{"line":168,"column":8}},{"start":{"line":168,"column":8},"end":{"line":168,"column":8}}]},"5":{"line":182,"type":"if","locations":[{"start":{"line":182,"column":8},"end":{"line":182,"column":8}},{"start":{"line":182,"column":8},"end":{"line":182,"column":8}}]},"6":{"line":195,"type":"if","locations":[{"start":{"line":195,"column":8},"end":{"line":195,"column":8}},{"start":{"line":195,"column":8},"end":{"line":195,"column":8}}]},"7":{"line":202,"type":"if","locations":[{"start":{"line":202,"column":15},"end":{"line":202,"column":15}},{"start":{"line":202,"column":15},"end":{"line":202,"column":15}}]},"8":{"line":240,"type":"if","locations":[{"start":{"line":240,"column":8},"end":{"line":240,"column":8}},{"start":{"line":240,"column":8},"end":{"line":240,"column":8}}]},"9":{"line":246,"type":"if","locations":[{"start":{"line":246,"column":51},"end":{"line":246,"column":60}},{"start":{"line":246,"column":64},"end":{"line":246,"column":73}}]},"10":{"line":260,"type":"if","locations":[{"start":{"line":260,"column":26},"end":{"line":260,"column":26}},{"start":{"line":260,"column":26},"end":{"line":260,"column":26}}]},"11":{"line":262,"type":"if","locations":[{"start":{"line":262,"column":8},"end":{"line":262,"column":8}},{"start":{"line":262,"column":8},"end":{"line":262,"column":8}}]},"12":{"line":285,"type":"if","locations":[{"start":{"line":285,"column":8},"end":{"line":285,"column":8}},{"start":{"line":285,"column":8},"end":{"line":285,"column":8}}]},"13":{"line":289,"type":"if","locations":[{"start":{"line":289,"column":12},"end":{"line":289,"column":12}},{"start":{"line":289,"column":12},"end":{"line":289,"column":12}}]},"14":{"line":290,"type":"if","locations":[{"start":{"line":290,"column":16},"end":{"line":290,"column":16}},{"start":{"line":290,"column":16},"end":{"line":290,"column":16}}]},"15":{"line":294,"type":"if","locations":[{"start":{"line":294,"column":16},"end":{"line":294,"column":16}},{"start":{"line":294,"column":16},"end":{"line":294,"column":16}}]},"16":{"line":295,"type":"if","locations":[{"start":{"line":295,"column":20},"end":{"line":295,"column":20}},{"start":{"line":295,"column":20},"end":{"line":295,"column":20}}]},"17":{"line":322,"type":"if","locations":[{"start":{"line":322,"column":21},"end":{"line":322,"column":21}},{"start":{"line":322,"column":21},"end":{"line":322,"column":21}}]},"18":{"line":322,"type":"if","locations":[{"start":{"line":322,"column":45},"end":{"line":322,"column":45}},{"start":{"line":322,"column":45},"end":{"line":322,"column":45}}]},"19":{"line":324,"type":"if","locations":[{"start":{"line":324,"column":8},"end":{"line":324,"column":8}},{"start":{"line":324,"column":8},"end":{"line":324,"column":8}}]},"20":{"line":353,"type":"if","locations":[{"start":{"line":353,"column":26},"end":{"line":353,"column":26}},{"start":{"line":353,"column":26},"end":{"line":353,"column":26}}]},"21":{"line":375,"type":"if","locations":[{"start":{"line":375,"column":21},"end":{"line":375,"column":21}},{"start":{"line":375,"column":21},"end":{"line":375,"column":21}}]},"22":{"line":375,"type":"if","locations":[{"start":{"line":375,"column":45},"end":{"line":375,"column":45}},{"start":{"line":375,"column":45},"end":{"line":375,"column":45}}]},"23":{"line":379,"type":"if","locations":[{"start":{"line":379,"column":8},"end":{"line":379,"column":8}},{"start":{"line":379,"column":8},"end":{"line":379,"column":8}}]},"24":{"line":399,"type":"if","locations":[{"start":{"line":399,"column":26},"end":{"line":399,"column":26}},{"start":{"line":399,"column":26},"end":{"line":399,"column":26}}]},"25":{"line":418,"type":"if","locations":[{"start":{"line":418,"column":21},"end":{"line":418,"column":21}},{"start":{"line":418,"column":21},"end":{"line":418,"column":21}}]},"26":{"line":418,"type":"if","locations":[{"start":{"line":418,"column":45},"end":{"line":418,"column":45}},{"start":{"line":418,"column":45},"end":{"line":418,"column":45}}]},"27":{"line":418,"type":"if","locations":[{"start":{"line":418,"column":71},"end":{"line":418,"column":71}},{"start":{"line":418,"column":71},"end":{"line":418,"column":71}}]},"28":{"line":420,"type":"if","locations":[{"start":{"line":420,"column":8},"end":{"line":420,"column":8}},{"start":{"line":420,"column":8},"end":{"line":420,"column":8}}]},"29":{"line":422,"type":"if","locations":[{"start":{"line":422,"column":8},"end":{"line":422,"column":8}},{"start":{"line":422,"column":8},"end":{"line":422,"column":8}}]},"30":{"line":439,"type":"if","locations":[{"start":{"line":439,"column":49},"end":{"line":439,"column":49}},{"start":{"line":439,"column":49},"end":{"line":439,"column":49}}]},"31":{"line":469,"type":"if","locations":[{"start":{"line":469,"column":8},"end":{"line":469,"column":8}},{"start":{"line":469,"column":8},"end":{"line":469,"column":8}}]}}}}